<?xml version="1.0" encoding="UTF-8"?>
<testng-results skipped="0" failed="0" ignored="0" total="1" passed="1">
  <reporter-output>
  </reporter-output>
  <suite name="Default suite" duration-ms="9626" started-at="2018-03-12T06:58:11Z" finished-at="2018-03-12T06:58:20Z">
    <groups>
    </groups>
    <test name="Default test" duration-ms="9626" started-at="2018-03-12T06:58:11Z" finished-at="2018-03-12T06:58:20Z">
      <class name="SeleniumConcept.CompleteSelenium.FBDropdownDateMonth">
        <test-method status="PASS" signature="FBDropdownmonth()[pri:0, instance:SeleniumConcept.CompleteSelenium.FBDropdownDateMonth@d8355a8]" name="FBDropdownmonth" duration-ms="9605" started-at="2018-03-12T12:28:11Z" finished-at="2018-03-12T12:28:20Z">
          <reporter-output>
          </reporter-output>
        </test-method> <!-- FBDropdownmonth -->
      </class> <!-- SeleniumConcept.CompleteSelenium.FBDropdownDateMonth -->
    </test> <!-- Default test -->
  </suite> <!-- Default suite -->
</testng-results>
