<?xml version="1.0" encoding="UTF-8"?>
<testng-results skipped="0" failed="0" ignored="0" total="1" passed="1">
  <reporter-output>
  </reporter-output>
  <suite name="Default suite" duration-ms="26154" started-at="2018-03-12T07:38:47Z" finished-at="2018-03-12T07:39:13Z">
    <groups>
    </groups>
    <test name="Default test" duration-ms="26154" started-at="2018-03-12T07:38:47Z" finished-at="2018-03-12T07:39:13Z">
      <class name="SeleniumConcept.CompleteSelenium.App">
        <test-method status="PASS" signature="FBDropdown()[pri:0, instance:SeleniumConcept.CompleteSelenium.App@d8355a8]" name="FBDropdown" duration-ms="26134" started-at="2018-03-12T13:08:47Z" finished-at="2018-03-12T13:09:13Z">
          <reporter-output>
          </reporter-output>
        </test-method> <!-- FBDropdown -->
      </class> <!-- SeleniumConcept.CompleteSelenium.App -->
    </test> <!-- Default test -->
  </suite> <!-- Default suite -->
</testng-results>
